  [1m[36m (1.2ms)[0m  [1mCREATE TABLE "schema_migrations" ("version" varchar NOT NULL) [0m
  [1m[35m (0.1ms)[0m  select sqlite_version(*)
  [1m[36m (0.8ms)[0m  [1mCREATE UNIQUE INDEX "unique_schema_migrations" ON "schema_migrations" ("version")[0m
  [1m[35mActiveRecord::SchemaMigration Load (0.1ms)[0m  SELECT "schema_migrations".* FROM "schema_migrations"
Migrating to CreateAdventures (20150418182628)
  [1m[36m (0.1ms)[0m  [1mbegin transaction[0m
  [1m[35m (0.4ms)[0m  CREATE TABLE "adventures" ("id" INTEGER PRIMARY KEY AUTOINCREMENT NOT NULL, "name" varchar, "description" text, "picture" varchar, "visit" date, "created_at" datetime NOT NULL, "updated_at" datetime NOT NULL) 
  [1m[36mSQL (0.2ms)[0m  [1mINSERT INTO "schema_migrations" ("version") VALUES (?)[0m  [["version", "20150418182628"]]
  [1m[35m (0.8ms)[0m  commit transaction
  [1m[36mActiveRecord::SchemaMigration Load (0.1ms)[0m  [1mSELECT "schema_migrations".* FROM "schema_migrations"[0m


Started GET "/" for ::1 at 2015-04-18 11:32:24 -0700
  [1m[36mActiveRecord::SchemaMigration Load (0.1ms)[0m  [1mSELECT "schema_migrations".* FROM "schema_migrations"[0m
Processing by Rails::WelcomeController#index as HTML
  Rendered /Users/EmilyJaffe/.rbenv/versions/2.2.0/lib/ruby/gems/2.2.0/gems/railties-4.2.1/lib/rails/templates/rails/welcome/index.html.erb (1.9ms)
Completed 200 OK in 19ms (Views: 10.9ms | ActiveRecord: 0.0ms)


Started GET "/" for ::1 at 2015-04-18 11:32:26 -0700
Processing by Rails::WelcomeController#index as HTML
  Rendered /Users/EmilyJaffe/.rbenv/versions/2.2.0/lib/ruby/gems/2.2.0/gems/railties-4.2.1/lib/rails/templates/rails/welcome/index.html.erb (0.0ms)
Completed 200 OK in 3ms (Views: 2.3ms | ActiveRecord: 0.0ms)


Started GET "/adventures" for ::1 at 2015-04-18 11:32:51 -0700
Processing by AdventuresController#index as HTML
  [1m[35mAdventure Load (0.2ms)[0m  SELECT "adventures".* FROM "adventures"
  Rendered adventures/index.html.erb within layouts/application (1.8ms)
Completed 200 OK in 1500ms (Views: 1498.6ms | ActiveRecord: 0.2ms)


Started GET "/assets/adventures.self-e3b0c44298fc1c149afbf4c8996fb92427ae41e4649b934ca495991b7852b855.css?body=1" for ::1 at 2015-04-18 11:32:53 -0700


Started GET "/assets/application.self-e80e8f2318043e8af94dddc2adad5a4f09739a8ebb323b3ab31cd71d45fd9113.css?body=1" for ::1 at 2015-04-18 11:32:53 -0700


Started GET "/assets/scaffolds.self-e3aff9ed86a9902831b18005906adda89fb33ef0b351e6d936fbcf7cbb3899bb.css?body=1" for ::1 at 2015-04-18 11:32:53 -0700


Started GET "/assets/jquery_ujs.self-8e98a7a072a6cee1372d19fff9ff3e6aa1e39a37d89d6f06861637d061113ee7.js?body=1" for ::1 at 2015-04-18 11:32:53 -0700


Started GET "/assets/turbolinks.self-c37727e9bd6b2735da5c311aa83fead54ed0be6cc8bd9a65309e9c5abe2cbfff.js?body=1" for ::1 at 2015-04-18 11:32:53 -0700


Started GET "/assets/jquery.self-d03a5518f45df77341bdbe6201ba3bfa547ebba8ed64f0ea56bfa5f96ea7c074.js?body=1" for ::1 at 2015-04-18 11:32:53 -0700


Started GET "/assets/application.self-3b8dabdc891efe46b9a144b400ad69e37d7e5876bdc39dee783419a69d7ca819.js?body=1" for ::1 at 2015-04-18 11:32:53 -0700


Started GET "/assets/adventures.self-877aef30ae1b040ab8a3aba4e3e309a11d7f2612f44dde450b5c157aa5f95c05.js?body=1" for ::1 at 2015-04-18 11:32:53 -0700


Started GET "/adventures/new" for ::1 at 2015-04-18 11:32:56 -0700
Processing by AdventuresController#new as HTML
  Rendered adventures/_form.html.erb (24.8ms)
  Rendered adventures/new.html.erb within layouts/application (30.0ms)
Completed 200 OK in 60ms (Views: 55.1ms | ActiveRecord: 0.2ms)


Started GET "/adventures/new" for ::1 at 2015-04-18 11:33:23 -0700
Processing by AdventuresController#new as HTML
  Rendered adventures/_form.html.erb (2.7ms)
  Rendered adventures/new.html.erb within layouts/application (4.3ms)
Completed 200 OK in 29ms (Views: 28.0ms | ActiveRecord: 0.0ms)


Started POST "/adventures" for ::1 at 2015-04-18 11:37:53 -0700
Processing by AdventuresController#create as HTML
  Parameters: {"utf8"=>"✓", "authenticity_token"=>"6yglr1gK9OUqY0eoWsUt+2GboyvZZdrKxEDYJ3LmywKl4OKnXy4d5jEF9Kre6jHZrVl9vYCHBPLijfwGbfc32w==", "adventure"=>{"name"=>"Drive to Tahoe", "description"=>"Go waterskiing for Memorial Day weekend", "picture"=>"", "visit(1i)"=>"2015", "visit(2i)"=>"5", "visit(3i)"=>"25"}, "commit"=>"Create Adventure"}
  [1m[36m (0.1ms)[0m  [1mbegin transaction[0m
  [1m[35mSQL (0.4ms)[0m  INSERT INTO "adventures" ("name", "description", "picture", "visit", "created_at", "updated_at") VALUES (?, ?, ?, ?, ?, ?)  [["name", "Drive to Tahoe"], ["description", "Go waterskiing for Memorial Day weekend"], ["picture", ""], ["visit", "2015-05-25"], ["created_at", "2015-04-18 18:37:53.533221"], ["updated_at", "2015-04-18 18:37:53.533221"]]
  [1m[36m (0.8ms)[0m  [1mcommit transaction[0m
Redirected to http://localhost:3000/adventures/1
Completed 302 Found in 7ms (ActiveRecord: 1.3ms)


Started GET "/adventures/1" for ::1 at 2015-04-18 11:37:53 -0700
Processing by AdventuresController#show as HTML
  Parameters: {"id"=>"1"}
  [1m[35mAdventure Load (0.2ms)[0m  SELECT  "adventures".* FROM "adventures" WHERE "adventures"."id" = ? LIMIT 1  [["id", 1]]
  Rendered adventures/show.html.erb within layouts/application (0.9ms)
Completed 200 OK in 32ms (Views: 25.2ms | ActiveRecord: 0.2ms)


Started GET "/adventures" for ::1 at 2015-04-18 11:39:32 -0700
Processing by AdventuresController#index as HTML
  [1m[36mAdventure Load (0.2ms)[0m  [1mSELECT "adventures".* FROM "adventures"[0m
  Rendered adventures/index.html.erb within layouts/application (1.6ms)
Completed 200 OK in 30ms (Views: 29.2ms | ActiveRecord: 0.2ms)


Started GET "/adventures/1" for ::1 at 2015-04-18 11:40:06 -0700
Processing by AdventuresController#show as HTML
  Parameters: {"id"=>"1"}
  [1m[35mAdventure Load (0.1ms)[0m  SELECT  "adventures".* FROM "adventures" WHERE "adventures"."id" = ? LIMIT 1  [["id", 1]]
  Rendered adventures/show.html.erb within layouts/application (0.8ms)
Completed 200 OK in 26ms (Views: 24.7ms | ActiveRecord: 0.1ms)


Started GET "/adventures" for ::1 at 2015-04-18 11:43:12 -0700
Processing by AdventuresController#index as HTML
  [1m[36mAdventure Load (0.1ms)[0m  [1mSELECT "adventures".* FROM "adventures"[0m
  Rendered adventures/index.html.erb within layouts/application (1.8ms)
Completed 200 OK in 27ms (Views: 25.9ms | ActiveRecord: 0.1ms)


Started GET "/assets/adventures.self-e3b0c44298fc1c149afbf4c8996fb92427ae41e4649b934ca495991b7852b855.css?body=1" for ::1 at 2015-04-18 11:43:12 -0700


Started GET "/assets/application.self-e80e8f2318043e8af94dddc2adad5a4f09739a8ebb323b3ab31cd71d45fd9113.css?body=1" for ::1 at 2015-04-18 11:43:12 -0700


Started GET "/assets/jquery_ujs.self-8e98a7a072a6cee1372d19fff9ff3e6aa1e39a37d89d6f06861637d061113ee7.js?body=1" for ::1 at 2015-04-18 11:43:12 -0700


Started GET "/assets/jquery.self-d03a5518f45df77341bdbe6201ba3bfa547ebba8ed64f0ea56bfa5f96ea7c074.js?body=1" for ::1 at 2015-04-18 11:43:12 -0700


Started GET "/assets/turbolinks.self-c37727e9bd6b2735da5c311aa83fead54ed0be6cc8bd9a65309e9c5abe2cbfff.js?body=1" for ::1 at 2015-04-18 11:43:12 -0700


Started GET "/assets/scaffolds.self-e3aff9ed86a9902831b18005906adda89fb33ef0b351e6d936fbcf7cbb3899bb.css?body=1" for ::1 at 2015-04-18 11:43:12 -0700


Started GET "/assets/adventures.self-877aef30ae1b040ab8a3aba4e3e309a11d7f2612f44dde450b5c157aa5f95c05.js?body=1" for ::1 at 2015-04-18 11:43:12 -0700


Started GET "/assets/application.self-3b8dabdc891efe46b9a144b400ad69e37d7e5876bdc39dee783419a69d7ca819.js?body=1" for ::1 at 2015-04-18 11:43:12 -0700


Started GET "/adventures" for ::1 at 2015-04-18 11:45:00 -0700
Processing by AdventuresController#index as HTML
  [1m[35mAdventure Load (0.1ms)[0m  SELECT "adventures".* FROM "adventures"
  Rendered adventures/index.html.erb within layouts/application (1.2ms)
Completed 200 OK in 66ms (Views: 65.2ms | ActiveRecord: 0.1ms)


Started GET "/assets/adventures.self-f44bbaa1cb5f4743772c5cc703848fbe7502ab47351ed3051ddc460afda009ef.css?body=1" for ::1 at 2015-04-18 11:45:00 -0700


Started GET "/assets/scaffolds.self-e3aff9ed86a9902831b18005906adda89fb33ef0b351e6d936fbcf7cbb3899bb.css?body=1" for ::1 at 2015-04-18 11:45:00 -0700


Started GET "/assets/application.self-e80e8f2318043e8af94dddc2adad5a4f09739a8ebb323b3ab31cd71d45fd9113.css?body=1" for ::1 at 2015-04-18 11:45:00 -0700


Started GET "/assets/jquery_ujs.self-8e98a7a072a6cee1372d19fff9ff3e6aa1e39a37d89d6f06861637d061113ee7.js?body=1" for ::1 at 2015-04-18 11:45:00 -0700


Started GET "/assets/jquery.self-d03a5518f45df77341bdbe6201ba3bfa547ebba8ed64f0ea56bfa5f96ea7c074.js?body=1" for ::1 at 2015-04-18 11:45:00 -0700


Started GET "/assets/turbolinks.self-c37727e9bd6b2735da5c311aa83fead54ed0be6cc8bd9a65309e9c5abe2cbfff.js?body=1" for ::1 at 2015-04-18 11:45:00 -0700


Started GET "/assets/adventures.self-877aef30ae1b040ab8a3aba4e3e309a11d7f2612f44dde450b5c157aa5f95c05.js?body=1" for ::1 at 2015-04-18 11:45:00 -0700


Started GET "/assets/application.self-3b8dabdc891efe46b9a144b400ad69e37d7e5876bdc39dee783419a69d7ca819.js?body=1" for ::1 at 2015-04-18 11:45:00 -0700


Started GET "/adventures" for ::1 at 2015-04-18 11:47:00 -0700
Processing by AdventuresController#index as HTML
  [1m[36mAdventure Load (0.1ms)[0m  [1mSELECT "adventures".* FROM "adventures"[0m
  Rendered adventures/index.html.erb within layouts/application (1.1ms)
Completed 200 OK in 59ms (Views: 58.6ms | ActiveRecord: 0.1ms)


Started GET "/assets/adventures.self-dc0d1c3a4df4e251ebfd4752ca97216b840fb015588c518d82b51ab8bf1f0357.css?body=1" for ::1 at 2015-04-18 11:47:00 -0700


Started GET "/assets/scaffolds.self-e3aff9ed86a9902831b18005906adda89fb33ef0b351e6d936fbcf7cbb3899bb.css?body=1" for ::1 at 2015-04-18 11:47:00 -0700


Started GET "/assets/application.self-e80e8f2318043e8af94dddc2adad5a4f09739a8ebb323b3ab31cd71d45fd9113.css?body=1" for ::1 at 2015-04-18 11:47:00 -0700


Started GET "/assets/jquery.self-d03a5518f45df77341bdbe6201ba3bfa547ebba8ed64f0ea56bfa5f96ea7c074.js?body=1" for ::1 at 2015-04-18 11:47:00 -0700


Started GET "/assets/turbolinks.self-c37727e9bd6b2735da5c311aa83fead54ed0be6cc8bd9a65309e9c5abe2cbfff.js?body=1" for ::1 at 2015-04-18 11:47:00 -0700


Started GET "/assets/jquery_ujs.self-8e98a7a072a6cee1372d19fff9ff3e6aa1e39a37d89d6f06861637d061113ee7.js?body=1" for ::1 at 2015-04-18 11:47:00 -0700


Started GET "/assets/adventures.self-877aef30ae1b040ab8a3aba4e3e309a11d7f2612f44dde450b5c157aa5f95c05.js?body=1" for ::1 at 2015-04-18 11:47:00 -0700


Started GET "/assets/application.self-3b8dabdc891efe46b9a144b400ad69e37d7e5876bdc39dee783419a69d7ca819.js?body=1" for ::1 at 2015-04-18 11:47:00 -0700
